Traceback (most recent call last):
  File "C:\Users\swast\AppData\Local\Programs\Python\Python39\lib\runpy.py", line 197, in _run_module_as_main
    return _run_code(code, main_globals, None,
  File "C:\Users\swast\AppData\Local\Programs\Python\Python39\lib\runpy.py", line 87, in _run_code
    exec(code, run_globals)
  File "C:\Users\swast\AppData\Local\Programs\Python\Python39\lib\site-packages\uvicorn\__main__.py", line 4, in <module>
    uvicorn.main()
  File "C:\Users\swast\AppData\Local\Programs\Python\Python39\lib\site-packages\click\core.py", line 1161, in __call__
    return self.main(*args, **kwargs)
  File "C:\Users\swast\AppData\Local\Programs\Python\Python39\lib\site-packages\click\core.py", line 1082, in main
    rv = self.invoke(ctx)
  File "C:\Users\swast\AppData\Local\Programs\Python\Python39\lib\site-packages\click\core.py", line 1443, in invoke
    return ctx.invoke(self.callback, **ctx.params)
  File "C:\Users\swast\AppData\Local\Programs\Python\Python39\lib\site-packages\click\core.py", line 788, in invoke
    return __callback(*args, **kwargs)
  File "C:\Users\swast\AppData\Local\Programs\Python\Python39\lib\site-packages\uvicorn\main.py", line 423, in main
    run(
  File "C:\Users\swast\AppData\Local\Programs\Python\Python39\lib\site-packages\uvicorn\main.py", line 593, in run
    server.run()
  File "C:\Users\swast\AppData\Local\Programs\Python\Python39\lib\site-packages\uvicorn\server.py", line 67, in run
    return asyncio_run(self.serve(sockets=sockets), loop_factory=self.config.get_loop_factory())
  File "C:\Users\swast\AppData\Local\Programs\Python\Python39\lib\site-packages\uvicorn\_compat.py", line 60, in asyncio_run
    return loop.run_until_complete(main)
  File "C:\Users\swast\AppData\Local\Programs\Python\Python39\lib\asyncio\base_events.py", line 642, in run_until_complete
    return future.result()
  File "C:\Users\swast\AppData\Local\Programs\Python\Python39\lib\site-packages\uvicorn\server.py", line 71, in serve
    await self._serve(sockets)
  File "C:\Users\swast\AppData\Local\Programs\Python\Python39\lib\site-packages\uvicorn\server.py", line 78, in _serve
    config.load()
  File "C:\Users\swast\AppData\Local\Programs\Python\Python39\lib\site-packages\uvicorn\config.py", line 439, in load
    self.loaded_app = import_from_string(self.app)
  File "C:\Users\swast\AppData\Local\Programs\Python\Python39\lib\site-packages\uvicorn\importer.py", line 19, in import_from_string
    module = importlib.import_module(module_str)
  File "C:\Users\swast\AppData\Local\Programs\Python\Python39\lib\importlib\__init__.py", line 127, in import_module
    return _bootstrap._gcd_import(name[level:], package, level)
  File "<frozen importlib._bootstrap>", line 1030, in _gcd_import
  File "<frozen importlib._bootstrap>", line 1007, in _find_and_load
  File "<frozen importlib._bootstrap>", line 986, in _find_and_load_unlocked
  File "<frozen importlib._bootstrap>", line 680, in _load_unlocked
  File "<frozen importlib._bootstrap_external>", line 850, in exec_module
  File "<frozen importlib._bootstrap>", line 228, in _call_with_frames_removed
  File "D:\My projects\NeuroLearn\neurolearn-ml\main.py", line 16, in <module>
    from fastapi import FastAPI, HTTPException
  File "C:\Users\swast\AppData\Local\Programs\Python\Python39\lib\site-packages\fastapi\__init__.py", line 7, in <module>
    from .applications import FastAPI as FastAPI
  File "C:\Users\swast\AppData\Local\Programs\Python\Python39\lib\site-packages\fastapi\applications.py", line 16, in <module>
    from fastapi import routing
  File "C:\Users\swast\AppData\Local\Programs\Python\Python39\lib\site-packages\fastapi\routing.py", line 22, in <module>
    from fastapi import params
  File "C:\Users\swast\AppData\Local\Programs\Python\Python39\lib\site-packages\fastapi\params.py", line 5, in <module>
    from fastapi.openapi.models import Example
  File "C:\Users\swast\AppData\Local\Programs\Python\Python39\lib\site-packages\fastapi\openapi\models.py", line 4, in <module>
    from fastapi._compat import (
  File "C:\Users\swast\AppData\Local\Programs\Python\Python39\lib\site-packages\fastapi\_compat.py", line 20, in <module>
    from fastapi.exceptions import RequestErrorModel
  File "C:\Users\swast\AppData\Local\Programs\Python\Python39\lib\site-packages\fastapi\exceptions.py", line 3, in <module>
    from pydantic import BaseModel, create_model
  File "C:\Users\swast\AppData\Local\Programs\Python\Python39\lib\site-packages\pydantic\__init__.py", line 421, in __getattr__
    module = import_module(module_name, package=package)
  File "C:\Users\swast\AppData\Local\Programs\Python\Python39\lib\importlib\__init__.py", line 127, in import_module
    return _bootstrap._gcd_import(name[level:], package, level)
  File "C:\Users\swast\AppData\Local\Programs\Python\Python39\lib\site-packages\pydantic\main.py", line 34, in <module>
    from ._internal import (
  File "C:\Users\swast\AppData\Local\Programs\Python\Python39\lib\site-packages\pydantic\_internal\_decorators.py", line 16, in <module>
    from ._core_utils import get_type_ref
  File "C:\Users\swast\AppData\Local\Programs\Python\Python39\lib\site-packages\pydantic\_internal\_core_utils.py", line 12, in <module>
    from . import _repr
  File "C:\Users\swast\AppData\Local\Programs\Python\Python39\lib\site-packages\pydantic\_internal\_repr.py", line 11, in <module>
    from . import _typing_extra
  File "C:\Users\swast\AppData\Local\Programs\Python\Python39\lib\site-packages\pydantic\_internal\_typing_extra.py", line 15, in <module>
    from typing_extensions import TypeIs, deprecated, get_args, get_origin
ImportError: cannot import name 'TypeIs' from 'typing_extensions' (C:\Users\swast\AppData\Local\Programs\Python\Python39\lib\site-packages\typing_extensions.py)
